TN:
SF:dist/Funko/ColeccionDatos.js
FN:15,(anonymous_0)
FN:23,(anonymous_1)
FN:31,(anonymous_2)
FN:32,(anonymous_3)
FN:41,(anonymous_4)
FN:50,(anonymous_5)
FN:51,(anonymous_6)
FNF:7
FNH:7
FNDA:1,(anonymous_0)
FNDA:3,(anonymous_1)
FNDA:1,(anonymous_2)
FNDA:1,(anonymous_3)
FNDA:1,(anonymous_4)
FNDA:1,(anonymous_5)
FNDA:2,(anonymous_6)
DA:2,1
DA:3,1
DA:16,1
DA:17,1
DA:24,3
DA:32,1
DA:33,1
DA:42,1
DA:51,2
DA:54,1
LF:10
LH:10
BRF:0
BRH:0
end_of_record
TN:
SF:dist/Funko/ColeccionFunkos.js
FN:18,(anonymous_0)
FN:29,(anonymous_1)
FN:38,(anonymous_2)
FN:48,(anonymous_3)
FN:49,(anonymous_4)
FN:64,(anonymous_5)
FN:65,(anonymous_6)
FN:73,(anonymous_7)
FN:82,(anonymous_8)
FNF:9
FNH:9
FNDA:2,(anonymous_0)
FNDA:3,(anonymous_1)
FNDA:1,(anonymous_2)
FNDA:1,(anonymous_3)
FNDA:3,(anonymous_4)
FNDA:1,(anonymous_5)
FNDA:1,(anonymous_6)
FNDA:5,(anonymous_7)
FNDA:1,(anonymous_8)
DA:2,1
DA:3,1
DA:19,2
DA:20,2
DA:21,2
DA:22,2
DA:30,3
DA:39,1
DA:40,1
DA:49,3
DA:50,1
DA:51,1
DA:52,1
DA:55,0
DA:65,1
DA:66,1
DA:74,5
DA:83,1
DA:86,1
LF:19
LH:18
BRDA:50,0,0,1
BRDA:50,0,1,0
BRF:2
BRH:1
end_of_record
TN:
SF:dist/Funko/Funko.js
FN:2,(anonymous_0)
FN:13,(anonymous_1)
FN:26,(anonymous_2)
FN:78,(anonymous_3)
FN:111,(anonymous_4)
FN:118,(anonymous_5)
FN:125,(anonymous_6)
FN:132,(anonymous_7)
FN:139,(anonymous_8)
FN:146,(anonymous_9)
FN:153,(anonymous_10)
FN:160,(anonymous_11)
FN:167,(anonymous_12)
FN:174,(anonymous_13)
FN:181,(anonymous_14)
FN:187,(anonymous_15)
FN:194,(anonymous_16)
FN:201,(anonymous_17)
FN:208,(anonymous_18)
FN:215,(anonymous_19)
FN:222,(anonymous_20)
FN:229,(anonymous_21)
FN:236,(anonymous_22)
FN:243,(anonymous_23)
FNF:24
FNH:24
FNDA:1,(anonymous_0)
FNDA:1,(anonymous_1)
FNDA:1,(anonymous_2)
FNDA:6,(anonymous_3)
FNDA:6,(anonymous_4)
FNDA:2,(anonymous_5)
FNDA:2,(anonymous_6)
FNDA:2,(anonymous_7)
FNDA:2,(anonymous_8)
FNDA:2,(anonymous_9)
FNDA:2,(anonymous_10)
FNDA:2,(anonymous_11)
FNDA:2,(anonymous_12)
FNDA:2,(anonymous_13)
FNDA:1,(anonymous_14)
FNDA:1,(anonymous_15)
FNDA:1,(anonymous_16)
FNDA:1,(anonymous_17)
FNDA:1,(anonymous_18)
FNDA:1,(anonymous_19)
FNDA:1,(anonymous_20)
FNDA:1,(anonymous_21)
FNDA:1,(anonymous_22)
FNDA:1,(anonymous_23)
DA:2,1
DA:3,1
DA:5,1
DA:6,1
DA:7,1
DA:8,1
DA:13,1
DA:14,1
DA:15,1
DA:16,1
DA:17,1
DA:18,1
DA:19,1
DA:20,1
DA:26,1
DA:27,1
DA:28,1
DA:29,1
DA:30,1
DA:31,1
DA:64,1
DA:65,1
DA:66,1
DA:67,1
DA:79,6
DA:81,6
DA:82,0
DA:84,6
DA:85,0
DA:89,0
DA:90,0
DA:93,6
DA:94,6
DA:95,6
DA:96,6
DA:97,6
DA:98,6
DA:99,6
DA:100,6
DA:101,6
DA:102,6
DA:103,6
DA:104,6
DA:105,6
DA:112,6
DA:119,2
DA:126,2
DA:133,2
DA:140,2
DA:147,2
DA:154,2
DA:161,2
DA:168,2
DA:175,2
DA:182,1
DA:188,1
DA:195,1
DA:202,1
DA:209,1
DA:216,1
DA:223,1
DA:230,1
DA:237,1
DA:244,1
DA:247,1
LF:65
LH:61
BRDA:2,0,0,1
BRDA:2,0,1,1
BRDA:2,0,2,1
BRDA:3,1,0,0
BRDA:3,1,1,1
BRDA:3,2,0,1
BRDA:3,2,1,1
BRDA:21,3,0,1
BRDA:21,3,1,1
BRDA:32,4,0,1
BRDA:32,4,1,1
BRDA:81,5,0,0
BRDA:81,5,1,6
BRDA:84,6,0,0
BRDA:84,6,1,6
BRF:15
BRH:12
end_of_record
TN:
SF:dist/Usuario/Usuario.js
FN:11,(anonymous_0)
FN:19,(anonymous_1)
FNF:2
FNH:2
FNDA:2,(anonymous_0)
FNDA:4,(anonymous_1)
DA:2,1
DA:3,1
DA:12,2
DA:20,4
DA:23,1
LF:5
LH:5
BRF:0
BRH:0
end_of_record
