TN:
SF:src/Funko/ColeccionDatos.ts
FN:13,(anonymous_0)
FN:21,(anonymous_1)
FN:29,(anonymous_2)
FN:30,(anonymous_3)
FN:39,(anonymous_4)
FN:48,(anonymous_5)
FN:49,(anonymous_6)
FNF:7
FNH:7
FNDA:1,(anonymous_0)
FNDA:3,(anonymous_1)
FNDA:1,(anonymous_2)
FNDA:1,(anonymous_3)
FNDA:1,(anonymous_4)
FNDA:1,(anonymous_5)
FNDA:2,(anonymous_6)
DA:12,1
DA:13,1
DA:15,1
DA:22,3
DA:30,1
DA:31,1
DA:40,1
DA:49,2
LF:8
LH:8
BRF:0
BRH:0
end_of_record
TN:
SF:src/Funko/ColeccionFunkos.ts
FN:15,(anonymous_0)
FN:25,(anonymous_1)
FN:35,(anonymous_2)
FN:46,(anonymous_3)
FN:47,(anonymous_4)
FN:64,(anonymous_5)
FN:65,(anonymous_6)
FN:74,(anonymous_7)
FN:84,(anonymous_8)
FNF:9
FNH:9
FNDA:2,(anonymous_0)
FNDA:3,(anonymous_1)
FNDA:1,(anonymous_2)
FNDA:1,(anonymous_3)
FNDA:3,(anonymous_4)
FNDA:1,(anonymous_5)
FNDA:1,(anonymous_6)
FNDA:5,(anonymous_7)
FNDA:1,(anonymous_8)
DA:14,1
DA:15,2
DA:16,2
DA:17,2
DA:26,3
DA:36,1
DA:37,1
DA:47,3
DA:48,1
DA:49,1
DA:50,1
DA:53,0
DA:65,1
DA:66,1
DA:75,5
DA:85,1
LF:16
LH:15
BRDA:48,0,0,1
BRDA:48,0,1,0
BRF:2
BRH:1
end_of_record
TN:
SF:src/Funko/Funko.ts
FN:7,(anonymous_1)
FN:20,(anonymous_2)
FN:74,(anonymous_3)
FN:124,(anonymous_4)
FN:131,(anonymous_5)
FN:138,(anonymous_6)
FN:145,(anonymous_7)
FN:152,(anonymous_8)
FN:159,(anonymous_9)
FN:166,(anonymous_10)
FN:173,(anonymous_11)
FN:180,(anonymous_12)
FN:188,(anonymous_13)
FN:196,(anonymous_14)
FN:203,(anonymous_15)
FN:211,(anonymous_16)
FN:219,(anonymous_17)
FN:227,(anonymous_18)
FN:235,(anonymous_19)
FN:243,(anonymous_20)
FN:251,(anonymous_21)
FN:259,(anonymous_22)
FN:267,(anonymous_23)
FNF:23
FNH:23
FNDA:1,(anonymous_1)
FNDA:1,(anonymous_2)
FNDA:6,(anonymous_3)
FNDA:6,(anonymous_4)
FNDA:2,(anonymous_5)
FNDA:2,(anonymous_6)
FNDA:2,(anonymous_7)
FNDA:2,(anonymous_8)
FNDA:2,(anonymous_9)
FNDA:2,(anonymous_10)
FNDA:2,(anonymous_11)
FNDA:2,(anonymous_12)
FNDA:2,(anonymous_13)
FNDA:1,(anonymous_14)
FNDA:1,(anonymous_15)
FNDA:1,(anonymous_16)
FNDA:1,(anonymous_17)
FNDA:1,(anonymous_18)
FNDA:1,(anonymous_19)
FNDA:1,(anonymous_20)
FNDA:1,(anonymous_21)
FNDA:1,(anonymous_22)
FNDA:1,(anonymous_23)
DA:1,1
DA:2,1
DA:7,1
DA:8,1
DA:9,1
DA:10,1
DA:11,1
DA:12,1
DA:13,1
DA:14,1
DA:20,1
DA:21,1
DA:22,1
DA:23,1
DA:24,1
DA:25,1
DA:59,1
DA:60,1
DA:61,1
DA:62,1
DA:63,1
DA:86,6
DA:88,6
DA:89,0
DA:92,6
DA:94,0
DA:95,0
DA:98,6
DA:99,0
DA:102,0
DA:103,0
DA:106,6
DA:107,6
DA:108,6
DA:109,6
DA:110,6
DA:111,6
DA:112,6
DA:113,6
DA:114,6
DA:115,6
DA:116,6
DA:117,6
DA:118,6
DA:125,6
DA:132,2
DA:139,2
DA:146,2
DA:153,2
DA:160,2
DA:167,2
DA:174,2
DA:181,2
DA:189,2
DA:197,1
DA:204,1
DA:212,1
DA:220,1
DA:228,1
DA:236,1
DA:244,1
DA:252,1
DA:260,1
DA:268,1
LF:64
LH:58
BRDA:7,0,0,1
BRDA:7,0,1,1
BRDA:20,1,0,1
BRDA:20,1,1,1
BRDA:88,2,0,0
BRDA:88,2,1,6
BRDA:92,3,0,0
BRDA:92,3,1,6
BRDA:92,4,0,6
BRDA:92,4,1,0
BRDA:94,5,0,0
BRDA:94,5,1,0
BRDA:94,6,0,0
BRDA:94,6,1,0
BRDA:98,7,0,0
BRDA:98,7,1,6
BRF:16
BRH:8
end_of_record
TN:
SF:src/Usuario/Usuario.ts
FN:7,(anonymous_0)
FN:12,(anonymous_1)
FNF:2
FNH:2
FNDA:2,(anonymous_0)
FNDA:4,(anonymous_1)
DA:6,1
DA:7,2
DA:13,4
LF:3
LH:3
BRF:0
BRH:0
end_of_record
